<?xml version="1.0" encoding="UTF-8"?>
<!-- Generated by org.testng.reporters.JUnitReportReporter -->
<testsuite skipped="0" hostname="HDC2-L-9227QQ2" name="testcases.NewTest54" tests="1" failures="0" timestamp="24 Sep 2019 17:45:31 GMT" time="10.406" errors="0">
  <testcase name="testTc1" time="10.406" classname="testcases.NewTest54"/>
</testsuite> <!-- testcases.NewTest54 -->
