<?xml version="1.0" encoding="UTF-8"?>
<!-- Generated by org.testng.reporters.JUnitReportReporter -->
<testsuite skipped="0" hostname="HDC2-L-9227QQ2" name="demotestcases.LoginDemotest" tests="1" failures="0" timestamp="24 Sep 2019 18:32:30 GMT" time="8.153" errors="0">
  <testcase name="f" time="8.153" classname="demotestcases.LoginDemotest"/>
</testsuite> <!-- demotestcases.LoginDemotest -->
